{"timestamp":"2024-03-19T18:11:37,619","container":"5c8e8b964a53","level":"INFO","thread":"main","class":"Besu","message":"Starting Besu","throwable":""}
{"timestamp":"2024-03-19T18:11:38,394","container":"5c8e8b964a53","level":"WARN","thread":"main","class":"Besu","message":"--min-gas-price has been ignored because --miner-enabled was not defined on the command line.","throwable":""}
{"timestamp":"2024-03-19T18:11:40,661","container":"5c8e8b964a53","level":"INFO","thread":"main","class":"Besu","message":"
####################################################################################################
#                                                                                                  #
# Besu version 23.4.1                                                                              #
#                                                                                                  #
# Configuration:                                                                                   #
# Network: Custom genesis file specified                                                           #
# Network Id: 1337                                                                                 #
# Data storage: Forest                                                                             #
# Sync mode: Full                                                                                  #
# RPC HTTP APIs: EEA,WEB3,ETH,NET,TRACE,DEBUG,ADMIN,TXPOOL,PRIV,PERM,QBFT                          #
# RPC HTTP port: 8545                                                                              #
#                                                                                                  #
# Host:                                                                                            #
# Java: openjdk-java-17                                                                            #
# Maximum heap size: 3.96 GB                                                                       #
# OS: linux-aarch_64                                                                               #
# glibc: 2.35                                                                                      #
# jemalloc: 5.2.1-0-gea6b3e973b477b8061e0076bb257dbd7f3faa756                                      #
# Total memory: 15.85 GB                                                                           #
# CPU cores: 10                                                                                    #
#                                                                                                  #
####################################################################################################","throwable":""}
{"timestamp":"2024-03-19T18:11:40,670","container":"5c8e8b964a53","level":"INFO","thread":"main","class":"Besu","message":"Connecting to 8 static nodes.","throwable":""}
{"timestamp":"2024-03-19T18:11:40,670","container":"5c8e8b964a53","level":"INFO","thread":"main","class":"Besu","message":"Security Module: localfile","throwable":""}
{"timestamp":"2024-03-19T18:11:40,791","container":"5c8e8b964a53","level":"INFO","thread":"main","class":"Besu","message":"Using the native implementation of alt bn128","throwable":""}
{"timestamp":"2024-03-19T18:11:40,869","container":"5c8e8b964a53","level":"INFO","thread":"main","class":"Besu","message":"Using the native implementation of modexp","throwable":""}
{"timestamp":"2024-03-19T18:11:40,875","container":"5c8e8b964a53","level":"INFO","thread":"main","class":"Besu","message":"Using the native implementation of the signature algorithm","throwable":""}
{"timestamp":"2024-03-19T18:11:40,877","container":"5c8e8b964a53","level":"INFO","thread":"main","class":"Besu","message":"Using the Java implementation of the blake2bf algorithm","throwable":""}
{"timestamp":"2024-03-19T18:11:40,919","container":"5c8e8b964a53","level":"INFO","thread":"main","class":"RocksDBKeyValueStorageFactory","message":"No existing database detected at /opt/besu/data. Using version 1","throwable":""}
{"timestamp":"2024-03-19T18:11:43,522","container":"5c8e8b964a53","level":"INFO","thread":"main","class":"KeyPairUtil","message":"Loaded public key 0x98496800174b3c73ae33cba59f8f5e686cd488f7897c2edb52e2cf46383d75cd03dbb58dde07185bc0953f98800ca9a89f4b5ef450c5e51292ea08ec6130ee0c from /opt/besu/keys/nodekey","throwable":""}
{"timestamp":"2024-03-19T18:11:43,618","container":"5c8e8b964a53","level":"INFO","thread":"main","class":"RocksDBKeyValuePrivacyStorageFactory","message":"No existing private database detected at /opt/besu/data. Using version 1","throwable":""}
{"timestamp":"2024-03-19T18:11:44,738","container":"5c8e8b964a53","level":"INFO","thread":"main","class":"ProtocolScheduleBuilder","message":"Protocol schedule created with milestones: [GrayGlacier: 0]","throwable":""}
{"timestamp":"2024-03-19T18:11:45,290","container":"5c8e8b964a53","level":"INFO","thread":"main","class":"TransactionPoolFactory","message":"Enabling transaction pool","throwable":""}
{"timestamp":"2024-03-19T18:11:45,345","container":"5c8e8b964a53","level":"INFO","thread":"main","class":"BesuControllerBuilder","message":"TTD difficulty is not present, creating initial sync phase for PoW","throwable":""}
{"timestamp":"2024-03-19T18:11:45,578","container":"5c8e8b964a53","level":"INFO","thread":"main","class":"RunnerBuilder","message":"Detecting NAT service.","throwable":""}
{"timestamp":"2024-03-19T18:11:47,640","container":"5c8e8b964a53","level":"INFO","thread":"main","class":"Runner","message":"Starting external services ... ","throwable":""}
{"timestamp":"2024-03-19T18:11:47,642","container":"5c8e8b964a53","level":"INFO","thread":"main","class":"MetricsHttpService","message":"Starting metrics http service on 0.0.0.0:9545","throwable":""}
{"timestamp":"2024-03-19T18:11:47,984","container":"5c8e8b964a53","level":"INFO","thread":"vert.x-eventloop-thread-2","class":"MetricsHttpService","message":"Metrics service started and listening on 0.0.0.0:9545","throwable":""}
{"timestamp":"2024-03-19T18:11:47,985","container":"5c8e8b964a53","level":"INFO","thread":"main","class":"JsonRpcHttpService","message":"Starting JSON-RPC service on 0.0.0.0:8545","throwable":""}
{"timestamp":"2024-03-19T18:11:48,039","container":"5c8e8b964a53","level":"INFO","thread":"vert.x-eventloop-thread-2","class":"JsonRpcHttpService","message":"JSON-RPC service started and listening on 0.0.0.0:8545","throwable":""}
{"timestamp":"2024-03-19T18:11:48,051","container":"5c8e8b964a53","level":"INFO","thread":"main","class":"GraphQLHttpService","message":"Starting GraphQL HTTP service on 0.0.0.0:8547","throwable":""}
{"timestamp":"2024-03-19T18:11:48,064","container":"5c8e8b964a53","level":"INFO","thread":"vert.x-eventloop-thread-2","class":"GraphQLHttpService","message":"GraphQL HTTP service started and listening on 0.0.0.0:8547","throwable":""}
{"timestamp":"2024-03-19T18:11:48,065","container":"5c8e8b964a53","level":"INFO","thread":"main","class":"WebSocketService","message":"Starting Websocket service on 0.0.0.0:8546","throwable":""}
{"timestamp":"2024-03-19T18:11:48,091","container":"5c8e8b964a53","level":"INFO","thread":"vert.x-eventloop-thread-2","class":"WebSocketService","message":"Websocket service started and listening on 0.0.0.0:8546","throwable":""}
{"timestamp":"2024-03-19T18:11:48,124","container":"5c8e8b964a53","level":"INFO","thread":"main","class":"AutoTransactionLogBloomCachingService","message":"Starting auto transaction log bloom caching service.","throwable":""}
{"timestamp":"2024-03-19T18:11:48,130","container":"5c8e8b964a53","level":"INFO","thread":"main","class":"LogBloomCacheMetadata","message":"Lookup cache metadata file in data directory: /opt/besu/data/caches","throwable":""}
{"timestamp":"2024-03-19T18:11:48,231","container":"5c8e8b964a53","level":"INFO","thread":"main","class":"Runner","message":"Starting Ethereum main loop ... ","throwable":""}
{"timestamp":"2024-03-19T18:11:48,233","container":"5c8e8b964a53","level":"INFO","thread":"main","class":"NatService","message":"No NAT environment detected so no service could be started","throwable":""}
{"timestamp":"2024-03-19T18:11:48,233","container":"5c8e8b964a53","level":"INFO","thread":"main","class":"NetworkRunner","message":"Starting Network.","throwable":""}
{"timestamp":"2024-03-19T18:11:48,247","container":"5c8e8b964a53","level":"INFO","thread":"nioEventLoopGroup-2-1","class":"RlpxAgent","message":"P2P RLPx agent started and listening on /0.0.0.0:30303.","throwable":""}
{"timestamp":"2024-03-19T18:11:48,251","container":"5c8e8b964a53","level":"INFO","thread":"main","class":"PeerDiscoveryAgent","message":"Starting peer discovery agent on host=0.0.0.0, port=30303","throwable":""}
{"timestamp":"2024-03-19T18:11:48,327","container":"5c8e8b964a53","level":"INFO","thread":"vert.x-eventloop-thread-2","class":"VertxPeerDiscoveryAgent","message":"Started peer discovery agent successfully, on effective host=0.0.0.0 and port=30303","throwable":""}
{"timestamp":"2024-03-19T18:11:48,334","container":"5c8e8b964a53","level":"INFO","thread":"vert.x-eventloop-thread-2","class":"PeerDiscoveryAgent","message":"P2P peer discovery agent started and listening on /0.0.0.0:30303","throwable":""}
{"timestamp":"2024-03-19T18:11:48,453","container":"5c8e8b964a53","level":"INFO","thread":"vert.x-eventloop-thread-2","class":"PeerDiscoveryAgent","message":"Writing node record to disk. NodeRecord{seq=1, publicKey=0x0298496800174b3c73ae33cba59f8f5e686cd488f7897c2edb52e2cf46383d75cd, udpAddress=Optional[/172.16.239.16:30303], tcpAddress=Optional[/172.16.239.16:30303], asBase64=-Je4QBJQRjOC_Q88ah_PcqgbBRCnzCwSIlKMo8Sea9gSqJKxO565s_BAl2GyahDZMmAJvjErSx2CnqY9r8n-zmJ5P6QBg2V0aMfGhMw13_-AgmlkgnY0gmlwhKwQ7xCJc2VjcDI1NmsxoQKYSWgAF0s8c64zy6Wfj15obNSI94l8LttS4s9GOD11zYN0Y3CCdl-DdWRwgnZf, nodeId=0xa1f75939c4a4d5c1c5241a1913a52aab892e1322e8b52506276363d4754c122e, customFields={tcp=30303, udp=30303, ip=0xac10ef10, eth=[[0xcc35dfff, 0x]], id=V4, secp256k1=0x0298496800174b3c73ae33cba59f8f5e686cd488f7897c2edb52e2cf46383d75cd}}","throwable":""}
{"timestamp":"2024-03-19T18:11:48,568","container":"5c8e8b964a53","level":"INFO","thread":"main","class":"DefaultP2PNetwork","message":"Enode URL enode://98496800174b3c73ae33cba59f8f5e686cd488f7897c2edb52e2cf46383d75cd03dbb58dde07185bc0953f98800ca9a89f4b5ef450c5e51292ea08ec6130ee0c@172.16.239.16:30303","throwable":""}
{"timestamp":"2024-03-19T18:11:48,575","container":"5c8e8b964a53","level":"INFO","thread":"main","class":"DefaultP2PNetwork","message":"Node address 0x13a52aab892e1322e8b52506276363d4754c122e","throwable":""}
{"timestamp":"2024-03-19T18:11:48,774","container":"5c8e8b964a53","level":"INFO","thread":"main","class":"NetworkRunner","message":"Supported capabilities: [eth/62, eth/63, eth/64, eth/65, eth/66, eth/67, eth/68], [istanbul/100], [snap/1]","throwable":""}
{"timestamp":"2024-03-19T18:11:48,820","container":"5c8e8b964a53","level":"INFO","thread":"main","class":"DefaultSynchronizer","message":"Starting synchronizer.","throwable":""}
{"timestamp":"2024-03-19T18:11:48,911","container":"5c8e8b964a53","level":"INFO","thread":"main","class":"TransactionPoolFactory","message":"Enabling transaction handling following initial sync","throwable":""}
{"timestamp":"2024-03-19T18:11:48,927","container":"5c8e8b964a53","level":"INFO","thread":"main","class":"FullSyncDownloader","message":"Starting full sync.","throwable":""}
{"timestamp":"2024-03-19T18:11:48,939","container":"5c8e8b964a53","level":"INFO","thread":"main","class":"FullSyncTargetManager","message":"Unable to find sync target. Currently checking 0 peers for usefulness","throwable":""}
{"timestamp":"2024-03-19T18:11:49,441","container":"5c8e8b964a53","level":"INFO","thread":"main","class":"Runner","message":"Ethereum main loop is up.","throwable":""}
{"timestamp":"2024-03-19T18:11:50,338","container":"5c8e8b964a53","level":"INFO","thread":"nioEventLoopGroup-3-9","class":"FullSyncTargetManager","message":"Unable to find sync target. Currently checking 1 peers for usefulness","throwable":""}
{"timestamp":"2024-03-19T18:11:50,403","container":"5c8e8b964a53","level":"INFO","thread":"nioEventLoopGroup-3-10","class":"FullSyncTargetManager","message":"Unable to find sync target. Currently checking 2 peers for usefulness","throwable":""}
{"timestamp":"2024-03-19T18:11:50,434","container":"5c8e8b964a53","level":"INFO","thread":"nioEventLoopGroup-3-8","class":"FullSyncTargetManager","message":"Unable to find sync target. Currently checking 3 peers for usefulness","throwable":""}
{"timestamp":"2024-03-19T18:11:50,960","container":"5c8e8b964a53","level":"INFO","thread":"nioEventLoopGroup-3-2","class":"FullSyncTargetManager","message":"Unable to find sync target. Currently checking 4 peers for usefulness","throwable":""}
{"timestamp":"2024-03-19T18:11:51,111","container":"5c8e8b964a53","level":"INFO","thread":"nioEventLoopGroup-3-3","class":"FullSyncTargetManager","message":"Unable to find sync target. Currently checking 5 peers for usefulness","throwable":""}
{"timestamp":"2024-03-19T18:11:51,249","container":"5c8e8b964a53","level":"INFO","thread":"nioEventLoopGroup-3-3","class":"FullSyncTargetManager","message":"Unable to find sync target. Currently checking 6 peers for usefulness","throwable":""}
{"timestamp":"2024-03-19T18:11:51,466","container":"5c8e8b964a53","level":"INFO","thread":"EthScheduler-Workers-0","class":"PersistBlockTask","message":"Imported #1 / 0 tx / 0 om / 0 (0.0%) gas / (0xee5fdd13f1ba3746b8eb5fcca46fe3e24d1773e38fd3e010325c069f90557ba7) in 0.056s. Peers: 6","throwable":""}
{"timestamp":"2024-03-19T18:11:51,495","container":"5c8e8b964a53","level":"INFO","thread":"nioEventLoopGroup-3-4","class":"FullSyncTargetManager","message":"Unable to find sync target. Currently checking 7 peers for usefulness","throwable":""}
{"timestamp":"2024-03-19T18:11:56,138","container":"5c8e8b964a53","level":"INFO","thread":"EthScheduler-Workers-0","class":"PersistBlockTask","message":"Imported #2 / 0 tx / 0 om / 0 (0.0%) gas / (0x9aec985374d505be8aa7774beca54c846c0ef2c9b5eb10c4993b12b8351d88a0) in 0.025s. Peers: 7","throwable":""}
{"timestamp":"2024-03-19T18:12:01,051","container":"5c8e8b964a53","level":"INFO","thread":"EthScheduler-Workers-0","class":"PersistBlockTask","message":"Imported #3 / 0 tx / 0 om / 0 (0.0%) gas / (0x93281e7b02bf70d440189d0b22fccc7052c8c01fbd07b5727f524f14353c4bc1) in 0.013s. Peers: 7","throwable":""}
{"timestamp":"2024-03-19T18:12:06,103","container":"5c8e8b964a53","level":"INFO","thread":"EthScheduler-Workers-0","class":"PersistBlockTask","message":"Imported #4 / 0 tx / 0 om / 0 (0.0%) gas / (0x208627ba00eed68cf6ce45760ab9cb2cfbcfca72dcde2fa9c44308db398e1d0f) in 0.021s. Peers: 7","throwable":""}
{"timestamp":"2024-03-19T18:12:11,050","container":"5c8e8b964a53","level":"INFO","thread":"EthScheduler-Workers-0","class":"PersistBlockTask","message":"Imported #5 / 0 tx / 0 om / 0 (0.0%) gas / (0x37a847d1b58f077f9540f0cc28da96b02f64e7979118302ca1bfad10fb4d5928) in 0.001s. Peers: 7","throwable":""}
{"timestamp":"2024-03-19T18:12:16,040","container":"5c8e8b964a53","level":"INFO","thread":"EthScheduler-Workers-0","class":"PersistBlockTask","message":"Imported #6 / 0 tx / 0 om / 0 (0.0%) gas / (0x621658af904df771c144d003254a8ae0b87c4528a84ec410318be0f6f80cd329) in 0.005s. Peers: 7","throwable":""}
{"timestamp":"2024-03-19T18:12:21,032","container":"5c8e8b964a53","level":"INFO","thread":"EthScheduler-Workers-0","class":"PersistBlockTask","message":"Imported #7 / 0 tx / 0 om / 0 (0.0%) gas / (0xafda71d37080dd86608dcee9ce0baa2deb9a31f4e69ce914616233bb48344710) in 0.003s. Peers: 7","throwable":""}
{"timestamp":"2024-03-19T18:12:26,056","container":"5c8e8b964a53","level":"INFO","thread":"EthScheduler-Workers-0","class":"PersistBlockTask","message":"Imported #8 / 0 tx / 0 om / 0 (0.0%) gas / (0x65f6f2ce35c62d0ef847ca50287d345cd267f9a3adc8224e4a0aff73de92633c) in 0.011s. Peers: 7","throwable":""}
{"timestamp":"2024-03-19T18:12:31,033","container":"5c8e8b964a53","level":"INFO","thread":"EthScheduler-Workers-0","class":"PersistBlockTask","message":"Imported #9 / 0 tx / 0 om / 0 (0.0%) gas / (0x1aaf02d909b6f02c7ba25381db2239262db25220955639eb6bf7a0d826ac1381) in 0.004s. Peers: 7","throwable":""}
{"timestamp":"2024-03-19T18:12:36,039","container":"5c8e8b964a53","level":"INFO","thread":"EthScheduler-Workers-0","class":"PersistBlockTask","message":"Imported #10 / 0 tx / 0 om / 0 (0.0%) gas / (0x0c256f3d847a9d5ef2170797bbb34a6b208d491528b9d4fd7484c14d83227f6a) in 0.009s. Peers: 7","throwable":""}
{"timestamp":"2024-03-19T18:12:41,021","container":"5c8e8b964a53","level":"INFO","thread":"EthScheduler-Workers-0","class":"PersistBlockTask","message":"Imported #11 / 0 tx / 0 om / 0 (0.0%) gas / (0x545fbaa0db0e9bd7a5c9fca9f3a20c10f241f25e5bb69aee9761b59d1466914b) in 0.002s. Peers: 7","throwable":""}
{"timestamp":"2024-03-19T18:12:46,020","container":"5c8e8b964a53","level":"INFO","thread":"EthScheduler-Workers-0","class":"PersistBlockTask","message":"Imported #12 / 0 tx / 0 om / 0 (0.0%) gas / (0x65ddc9cb8e48e8830a40b1afea53d18eca254079ec3d110f5dee8a7e9812d292) in 0.002s. Peers: 7","throwable":""}
{"timestamp":"2024-03-19T18:12:51,046","container":"5c8e8b964a53","level":"INFO","thread":"EthScheduler-Workers-0","class":"PersistBlockTask","message":"Imported #13 / 0 tx / 0 om / 0 (0.0%) gas / (0x81eb931bed52be0868248b677612d0bf6620b40ea3386dce7cf060f3e3a570a7) in 0.009s. Peers: 7","throwable":""}
{"timestamp":"2024-03-19T18:12:56,036","container":"5c8e8b964a53","level":"INFO","thread":"EthScheduler-Workers-0","class":"PersistBlockTask","message":"Imported #14 / 0 tx / 0 om / 0 (0.0%) gas / (0x3e45edac33edf57c911debb336014733b49f8b9b78efb80944caa756a6822835) in 0.012s. Peers: 7","throwable":""}
{"timestamp":"2024-03-19T18:13:01,038","container":"5c8e8b964a53","level":"INFO","thread":"EthScheduler-Workers-0","class":"PersistBlockTask","message":"Imported #15 / 0 tx / 0 om / 0 (0.0%) gas / (0x52220bf4609ebc0d09729bcc655c32eee4492c8bf4998bd0bce6ddad8a05d012) in 0.001s. Peers: 7","throwable":""}
{"timestamp":"2024-03-19T18:13:06,019","container":"5c8e8b964a53","level":"INFO","thread":"EthScheduler-Workers-0","class":"PersistBlockTask","message":"Imported #16 / 0 tx / 0 om / 0 (0.0%) gas / (0x99674cfe36fd46191f5c3a8fd234ee00a55cc00893e583fa40346e2d065b64f5) in 0.001s. Peers: 7","throwable":""}
{"timestamp":"2024-03-19T18:13:11,016","container":"5c8e8b964a53","level":"INFO","thread":"EthScheduler-Workers-0","class":"PersistBlockTask","message":"Imported #17 / 0 tx / 0 om / 0 (0.0%) gas / (0x21ffbe8827e4f90868687fa0e13521d5861767de6dfe2ce3247acf2eeb89594c) in 0.001s. Peers: 7","throwable":""}
{"timestamp":"2024-03-19T18:13:15,999","container":"5c8e8b964a53","level":"INFO","thread":"EthScheduler-Workers-0","class":"PersistBlockTask","message":"Imported #18 / 0 tx / 0 om / 0 (0.0%) gas / (0x7f552a0d8f3958bd842b19e51dbf65b2830d3ada25b71138dbd3b116d7d1f8f1) in 0.005s. Peers: 7","throwable":""}
{"timestamp":"2024-03-19T18:13:21,049","container":"5c8e8b964a53","level":"INFO","thread":"EthScheduler-Workers-0","class":"PersistBlockTask","message":"Imported #19 / 0 tx / 0 om / 0 (0.0%) gas / (0xa227b28e1c5a5871505a82c9866948da295e410fd728437bce84d38de27ea74f) in 0.004s. Peers: 7","throwable":""}
{"timestamp":"2024-03-19T18:13:26,042","container":"5c8e8b964a53","level":"INFO","thread":"EthScheduler-Workers-0","class":"PersistBlockTask","message":"Imported #20 / 0 tx / 0 om / 0 (0.0%) gas / (0x1bd74714499b4ed91534a3c130efcdc50a18cbe57154087f7301939a3c9ba45b) in 0.009s. Peers: 7","throwable":""}
{"timestamp":"2024-03-19T18:13:31,030","container":"5c8e8b964a53","level":"INFO","thread":"EthScheduler-Workers-0","class":"PersistBlockTask","message":"Imported #21 / 0 tx / 0 om / 0 (0.0%) gas / (0x8bc5e7273b4a3d4ec947bbbf5aec67a425b75c7035d559301914f3856878abd9) in 0.009s. Peers: 7","throwable":""}
{"timestamp":"2024-03-19T18:13:36,022","container":"5c8e8b964a53","level":"INFO","thread":"EthScheduler-Workers-0","class":"PersistBlockTask","message":"Imported #22 / 0 tx / 0 om / 0 (0.0%) gas / (0x80854bf9a48495e4b017a374520ddd5f4fbf6e71c3900662caee6137d1f325a6) in 0.003s. Peers: 7","throwable":""}
{"timestamp":"2024-03-19T18:13:41,032","container":"5c8e8b964a53","level":"INFO","thread":"EthScheduler-Workers-0","class":"PersistBlockTask","message":"Imported #23 / 0 tx / 0 om / 0 (0.0%) gas / (0x93ed4c06cf7ebdc6853ebe0f79adedda991e52b9afd2e0bcc1c2e193ec3b5c97) in 0.001s. Peers: 7","throwable":""}
{"timestamp":"2024-03-19T18:13:46,019","container":"5c8e8b964a53","level":"INFO","thread":"EthScheduler-Workers-0","class":"PersistBlockTask","message":"Imported #24 / 0 tx / 0 om / 0 (0.0%) gas / (0x9a8d66638232aeabd58af0bba298e55bda88fa812460eb25dfbf1fceb8be54ca) in 0.002s. Peers: 7","throwable":""}
{"timestamp":"2024-03-19T18:13:51,022","container":"5c8e8b964a53","level":"INFO","thread":"EthScheduler-Workers-0","class":"PersistBlockTask","message":"Imported #25 / 0 tx / 0 om / 0 (0.0%) gas / (0x6573b994b93af9f555267ab7084b034ab30b0ade98b9ce6ce44436d288ffd127) in 0.006s. Peers: 7","throwable":""}
{"timestamp":"2024-03-19T18:13:56,018","container":"5c8e8b964a53","level":"INFO","thread":"EthScheduler-Workers-0","class":"PersistBlockTask","message":"Imported #26 / 0 tx / 0 om / 0 (0.0%) gas / (0x51a83b295a5e13bbef34adf843debf3e26c995063a1d2148a304fcb05aad2407) in 0.001s. Peers: 7","throwable":""}
{"timestamp":"2024-03-19T18:14:01,017","container":"5c8e8b964a53","level":"INFO","thread":"EthScheduler-Workers-0","class":"PersistBlockTask","message":"Imported #27 / 0 tx / 0 om / 0 (0.0%) gas / (0x6b18f40cd3511b392296ae7eaccfa3072af7630cab373ff3b03edbb155b17e62) in 0.001s. Peers: 7","throwable":""}
{"timestamp":"2024-03-19T18:14:06,021","container":"5c8e8b964a53","level":"INFO","thread":"EthScheduler-Workers-0","class":"PersistBlockTask","message":"Imported #28 / 0 tx / 0 om / 0 (0.0%) gas / (0x2956def375b64c27831463291941aecd7c6a88b3466ff02fb297b55ca39a2aff) in 0.003s. Peers: 7","throwable":""}
{"timestamp":"2024-03-19T18:14:11,031","container":"5c8e8b964a53","level":"INFO","thread":"EthScheduler-Workers-0","class":"PersistBlockTask","message":"Imported #29 / 0 tx / 0 om / 0 (0.0%) gas / (0x25e613d387725ba55910e4f0571a2c18b1e3e719d4eb4ae0a14c7936b831afd3) in 0.002s. Peers: 7","throwable":""}
{"timestamp":"2024-03-19T18:14:16,023","container":"5c8e8b964a53","level":"INFO","thread":"EthScheduler-Workers-0","class":"PersistBlockTask","message":"Imported #30 / 0 tx / 0 om / 0 (0.0%) gas / (0xeff1b183035b628c825ff7e8fde5340363156684ae40842e9200b53fc58d2b24) in 0.002s. Peers: 7","throwable":""}
{"timestamp":"2024-03-19T18:14:21,046","container":"5c8e8b964a53","level":"INFO","thread":"EthScheduler-Workers-0","class":"PersistBlockTask","message":"Imported #31 / 0 tx / 0 om / 0 (0.0%) gas / (0x655e3ab5a1267a329c2b747d791d44aa62849196bd3ab5a93eaebee530b760e9) in 0.002s. Peers: 7","throwable":""}
{"timestamp":"2024-03-19T18:14:26,021","container":"5c8e8b964a53","level":"INFO","thread":"EthScheduler-Workers-0","class":"PersistBlockTask","message":"Imported #32 / 0 tx / 0 om / 0 (0.0%) gas / (0x3ef56a9d2dfaf4b115775dd9ebb81cfda36e56b422b0af6e2e45916f11ee1b55) in 0.001s. Peers: 7","throwable":""}
{"timestamp":"2024-03-19T18:14:31,033","container":"5c8e8b964a53","level":"INFO","thread":"EthScheduler-Workers-0","class":"PersistBlockTask","message":"Imported #33 / 0 tx / 0 om / 0 (0.0%) gas / (0x5a90178b846199ae4d36ce44881ef5a68b72681d79cbda106899649a6dfc12f4) in 0.004s. Peers: 7","throwable":""}
{"timestamp":"2024-03-19T18:14:36,028","container":"5c8e8b964a53","level":"INFO","thread":"EthScheduler-Workers-0","class":"PersistBlockTask","message":"Imported #34 / 0 tx / 0 om / 0 (0.0%) gas / (0x6423b6d5214a92aef711b246e66927f229249374580aeee9c96d60a0431e88ac) in 0.007s. Peers: 7","throwable":""}
{"timestamp":"2024-03-19T18:14:41,024","container":"5c8e8b964a53","level":"INFO","thread":"EthScheduler-Workers-0","class":"PersistBlockTask","message":"Imported #35 / 0 tx / 0 om / 0 (0.0%) gas / (0x165705dcad5964c860ca7ce721f7e18f475ebeb24e20444ea81fd11c78672e4e) in 0.002s. Peers: 7","throwable":""}
{"timestamp":"2024-03-19T18:14:46,026","container":"5c8e8b964a53","level":"INFO","thread":"EthScheduler-Workers-0","class":"PersistBlockTask","message":"Imported #36 / 0 tx / 0 om / 0 (0.0%) gas / (0x3cec5442cb78b1fd294563c3f249237b483d14f7b41d542c2c4b37708c4e5ddd) in 0.003s. Peers: 7","throwable":""}
{"timestamp":"2024-03-19T18:14:51,037","container":"5c8e8b964a53","level":"INFO","thread":"EthScheduler-Workers-0","class":"PersistBlockTask","message":"Imported #37 / 0 tx / 0 om / 0 (0.0%) gas / (0xcc97a28a4f1800a90ab79d51a2381bafb50697ef75e8d79ee3020f949e3930b1) in 0.007s. Peers: 7","throwable":""}
{"timestamp":"2024-03-19T18:14:56,039","container":"5c8e8b964a53","level":"INFO","thread":"EthScheduler-Workers-0","class":"PersistBlockTask","message":"Imported #38 / 0 tx / 0 om / 0 (0.0%) gas / (0xc8781fc858444498ce5a9619f7c56ea927564788b078f12abedc3bf30035251b) in 0.007s. Peers: 7","throwable":""}
{"timestamp":"2024-03-19T18:15:01,017","container":"5c8e8b964a53","level":"INFO","thread":"EthScheduler-Workers-0","class":"PersistBlockTask","message":"Imported #39 / 0 tx / 0 om / 0 (0.0%) gas / (0x4c082270e3960bf2388935f5ec67770035f07e9f3c2e0d67c68ce01bd063fa77) in 0.002s. Peers: 7","throwable":""}
{"timestamp":"2024-03-19T18:15:06,034","container":"5c8e8b964a53","level":"INFO","thread":"EthScheduler-Workers-0","class":"PersistBlockTask","message":"Imported #40 / 0 tx / 0 om / 0 (0.0%) gas / (0xd1cf1b40f77e8136c63cf0cc979db701b913b1305925fd059a7f9026a472704c) in 0.004s. Peers: 7","throwable":""}
{"timestamp":"2024-03-19T18:15:11,016","container":"5c8e8b964a53","level":"INFO","thread":"EthScheduler-Workers-0","class":"PersistBlockTask","message":"Imported #41 / 0 tx / 0 om / 0 (0.0%) gas / (0xc0d99ea2669f87540c0d89932f1235a56e03ef00be72cae2d1409e478378da12) in 0.003s. Peers: 7","throwable":""}
{"timestamp":"2024-03-19T18:15:16,036","container":"5c8e8b964a53","level":"INFO","thread":"EthScheduler-Workers-0","class":"PersistBlockTask","message":"Imported #42 / 0 tx / 0 om / 0 (0.0%) gas / (0x08eac9d0c81451378dae517394ff0fc646407b162a4a8edb280f7749c9f4a7e1) in 0.003s. Peers: 7","throwable":""}
{"timestamp":"2024-03-19T18:15:21,021","container":"5c8e8b964a53","level":"INFO","thread":"EthScheduler-Workers-0","class":"PersistBlockTask","message":"Imported #43 / 0 tx / 0 om / 0 (0.0%) gas / (0x7d5aea246700b1241539e1bfc9bb9983d81271f55c8d4ca86b869115c0f0f8e1) in 0.002s. Peers: 7","throwable":""}
{"timestamp":"2024-03-19T18:15:26,018","container":"5c8e8b964a53","level":"INFO","thread":"EthScheduler-Workers-0","class":"PersistBlockTask","message":"Imported #44 / 0 tx / 0 om / 0 (0.0%) gas / (0xbc290a8a6d1e78c11539e48b93d4e01ec85e4174b8d19a66e602b0ea046b3a2e) in 0.001s. Peers: 7","throwable":""}
{"timestamp":"2024-03-19T18:15:31,012","container":"5c8e8b964a53","level":"INFO","thread":"EthScheduler-Workers-0","class":"PersistBlockTask","message":"Imported #45 / 0 tx / 0 om / 0 (0.0%) gas / (0x3344f682412a01564ddd9d00655299c782920f5c52c5d0f81f54da7f365af388) in 0.001s. Peers: 7","throwable":""}
{"timestamp":"2024-03-19T18:15:36,014","container":"5c8e8b964a53","level":"INFO","thread":"EthScheduler-Workers-0","class":"PersistBlockTask","message":"Imported #46 / 0 tx / 0 om / 0 (0.0%) gas / (0x35f90624b5fbeea53698d399c3c0b1f008efd3da35daf0c75e79508c3046fde0) in 0.001s. Peers: 7","throwable":""}
{"timestamp":"2024-03-19T18:15:41,020","container":"5c8e8b964a53","level":"INFO","thread":"EthScheduler-Workers-0","class":"PersistBlockTask","message":"Imported #47 / 0 tx / 0 om / 0 (0.0%) gas / (0xdd2e25d20470a8402a8ebf4b6ce272118bc1064481a673271fc5167365fbf383) in 0.002s. Peers: 7","throwable":""}
{"timestamp":"2024-03-19T18:15:46,012","container":"5c8e8b964a53","level":"INFO","thread":"EthScheduler-Workers-0","class":"PersistBlockTask","message":"Imported #48 / 0 tx / 0 om / 0 (0.0%) gas / (0xed547c87d9062195f332248ad0c653b08a206d5df42c0032d7aa8503872b8efc) in 0.001s. Peers: 7","throwable":""}
{"timestamp":"2024-03-19T18:15:51,011","container":"5c8e8b964a53","level":"INFO","thread":"EthScheduler-Workers-0","class":"PersistBlockTask","message":"Imported #49 / 0 tx / 0 om / 0 (0.0%) gas / (0x7824c54f03bd1704c801021528ef4164c53219425d445abd67d48be972c89cf2) in 0.001s. Peers: 7","throwable":""}
{"timestamp":"2024-03-19T18:15:56,013","container":"5c8e8b964a53","level":"INFO","thread":"EthScheduler-Workers-0","class":"PersistBlockTask","message":"Imported #50 / 0 tx / 0 om / 0 (0.0%) gas / (0xa3a61f956ca64e48a724fe66d6427066753033fb597a30c14f1a482aee41c43a) in 0.002s. Peers: 7","throwable":""}
{"timestamp":"2024-03-19T18:16:01,025","container":"5c8e8b964a53","level":"INFO","thread":"EthScheduler-Workers-0","class":"PersistBlockTask","message":"Imported #51 / 0 tx / 0 om / 0 (0.0%) gas / (0xd293459ccb50828e728f97618e6e31d1fd6e54a551dc024e8575097b2af4cd5f) in 0.001s. Peers: 7","throwable":""}
{"timestamp":"2024-03-19T18:16:06,016","container":"5c8e8b964a53","level":"INFO","thread":"EthScheduler-Workers-0","class":"PersistBlockTask","message":"Imported #52 / 0 tx / 0 om / 0 (0.0%) gas / (0xa7c7478489178c2c4d4f5baf0a83f4fb56c40614e969d358868881bdd5442437) in 0.002s. Peers: 7","throwable":""}
{"timestamp":"2024-03-19T18:16:11,014","container":"5c8e8b964a53","level":"INFO","thread":"EthScheduler-Workers-0","class":"PersistBlockTask","message":"Imported #53 / 0 tx / 0 om / 0 (0.0%) gas / (0x36fd997398c8e14a0839a82882bf8ece3f8c13a93e776f3f4fd349144ced7e8b) in 0.001s. Peers: 7","throwable":""}
{"timestamp":"2024-03-19T18:16:16,014","container":"5c8e8b964a53","level":"INFO","thread":"EthScheduler-Workers-0","class":"PersistBlockTask","message":"Imported #54 / 0 tx / 0 om / 0 (0.0%) gas / (0xdf2c08af7c5c93f22ccb1206dc8874dd8cb4ee80776317bcd8e066252182404c) in 0.001s. Peers: 7","throwable":""}
{"timestamp":"2024-03-19T18:16:21,016","container":"5c8e8b964a53","level":"INFO","thread":"EthScheduler-Workers-0","class":"PersistBlockTask","message":"Imported #55 / 0 tx / 0 om / 0 (0.0%) gas / (0x1bb6f4d88147c55bb7332e64e19862e82b7cb556b7dc0e93c238cd081e7ac4e3) in 0.004s. Peers: 7","throwable":""}
{"timestamp":"2024-03-19T18:16:26,011","container":"5c8e8b964a53","level":"INFO","thread":"EthScheduler-Workers-0","class":"PersistBlockTask","message":"Imported #56 / 0 tx / 0 om / 0 (0.0%) gas / (0xbf99116d6619ee06a158fb9b1968f821972b10397538d0bde712a56d11584658) in 0.001s. Peers: 7","throwable":""}
{"timestamp":"2024-03-19T18:16:31,012","container":"5c8e8b964a53","level":"INFO","thread":"EthScheduler-Workers-0","class":"PersistBlockTask","message":"Imported #57 / 0 tx / 0 om / 0 (0.0%) gas / (0x2e758557a5de2e75a506b6e4b822a037a0203e34c6963c652b6551f1e1cf15ca) in 0.003s. Peers: 7","throwable":""}
{"timestamp":"2024-03-19T18:16:36,011","container":"5c8e8b964a53","level":"INFO","thread":"EthScheduler-Workers-0","class":"PersistBlockTask","message":"Imported #58 / 0 tx / 0 om / 0 (0.0%) gas / (0x3fd5e95eb0436560e8949aaea818ef23cd9216eccef3bc777ba0743ab17212d9) in 0.001s. Peers: 7","throwable":""}
{"timestamp":"2024-03-19T18:16:41,012","container":"5c8e8b964a53","level":"INFO","thread":"EthScheduler-Workers-0","class":"PersistBlockTask","message":"Imported #59 / 0 tx / 0 om / 0 (0.0%) gas / (0xa22d5dee18509fbb5287613ee85b15e324af86b1827aac85e6c25caa3f5d6af4) in 0.001s. Peers: 7","throwable":""}
{"timestamp":"2024-03-19T18:16:46,013","container":"5c8e8b964a53","level":"INFO","thread":"EthScheduler-Workers-0","class":"PersistBlockTask","message":"Imported #60 / 0 tx / 0 om / 0 (0.0%) gas / (0xf67493a8a9f2385e8ca19c06410034d38310999dc698cf1eabce423ff84899f3) in 0.001s. Peers: 7","throwable":""}
{"timestamp":"2024-03-19T18:16:51,023","container":"5c8e8b964a53","level":"INFO","thread":"EthScheduler-Workers-0","class":"PersistBlockTask","message":"Imported #61 / 0 tx / 0 om / 0 (0.0%) gas / (0xc9508eb145bc7667ea86ee96491e7cc727742a3e6ed8c406bbaefc574f5db16f) in 0.002s. Peers: 7","throwable":""}
{"timestamp":"2024-03-19T18:16:56,017","container":"5c8e8b964a53","level":"INFO","thread":"EthScheduler-Workers-0","class":"PersistBlockTask","message":"Imported #62 / 0 tx / 0 om / 0 (0.0%) gas / (0x83b175cac2f5b512f7b77c3b931e9eb6bd28eebd3845d0377035bb7a7e72258c) in 0.002s. Peers: 7","throwable":""}
{"timestamp":"2024-03-19T18:17:01,032","container":"5c8e8b964a53","level":"INFO","thread":"EthScheduler-Workers-0","class":"PersistBlockTask","message":"Imported #63 / 0 tx / 0 om / 0 (0.0%) gas / (0x9bb340ebe49ee98d202a828009dbe6263db35a5b367cc3d5d3df4ac7259e0157) in 0.001s. Peers: 7","throwable":""}
{"timestamp":"2024-03-19T18:17:06,031","container":"5c8e8b964a53","level":"INFO","thread":"EthScheduler-Workers-0","class":"PersistBlockTask","message":"Imported #64 / 0 tx / 0 om / 0 (0.0%) gas / (0xeb3c320219203b520a4a3d7e8f89654d52cf26b4891dfa25379552a367e8880f) in 0.003s. Peers: 7","throwable":""}
{"timestamp":"2024-03-19T18:17:11,023","container":"5c8e8b964a53","level":"INFO","thread":"EthScheduler-Workers-0","class":"PersistBlockTask","message":"Imported #65 / 0 tx / 0 om / 0 (0.0%) gas / (0x62c0697202aceff7c48624c8e2ed098d022d693dfc90b09d05874859f20b6952) in 0.001s. Peers: 7","throwable":""}
{"timestamp":"2024-03-19T18:17:16,016","container":"5c8e8b964a53","level":"INFO","thread":"EthScheduler-Workers-0","class":"PersistBlockTask","message":"Imported #66 / 0 tx / 0 om / 0 (0.0%) gas / (0x5980d5fced2a21cbac02ed1efc397a5bb516da636f990f65805fef259159a9a5) in 0.001s. Peers: 7","throwable":""}
{"timestamp":"2024-03-19T18:17:21,024","container":"5c8e8b964a53","level":"INFO","thread":"EthScheduler-Workers-0","class":"PersistBlockTask","message":"Imported #67 / 0 tx / 0 om / 0 (0.0%) gas / (0xeb010ec3bb9b2e8d049893054527c09a69a4482eade72d05accf0598f3e0a666) in 0.002s. Peers: 7","throwable":""}
{"timestamp":"2024-03-19T18:17:26,012","container":"5c8e8b964a53","level":"INFO","thread":"EthScheduler-Workers-0","class":"PersistBlockTask","message":"Imported #68 / 0 tx / 0 om / 0 (0.0%) gas / (0xe0631b05df4361e006cb873d60f4ddd8029b6d137f655d1c809fcf07f29ac2d4) in 0.001s. Peers: 7","throwable":""}
{"timestamp":"2024-03-19T18:17:31,013","container":"5c8e8b964a53","level":"INFO","thread":"EthScheduler-Workers-0","class":"PersistBlockTask","message":"Imported #69 / 0 tx / 0 om / 0 (0.0%) gas / (0xcbe8f64e08e8d4a26a0d5be51ba5e0f5f627981b582c1a342aa474823c31f914) in 0.001s. Peers: 7","throwable":""}
{"timestamp":"2024-03-19T18:17:36,016","container":"5c8e8b964a53","level":"INFO","thread":"EthScheduler-Workers-0","class":"PersistBlockTask","message":"Imported #70 / 0 tx / 0 om / 0 (0.0%) gas / (0x771734841be2769ea89bfc79b215cdeabc21e8a563aa3f307a7ef88b596bd35f) in 0.003s. Peers: 7","throwable":""}
{"timestamp":"2024-03-19T18:17:41,013","container":"5c8e8b964a53","level":"INFO","thread":"EthScheduler-Workers-0","class":"PersistBlockTask","message":"Imported #71 / 0 tx / 0 om / 0 (0.0%) gas / (0x336d8a2edde83eb876a89fcd1d7274c4e5396dd16ba3a09ea1be774615bd48e4) in 0.001s. Peers: 7","throwable":""}
{"timestamp":"2024-03-19T18:17:46,019","container":"5c8e8b964a53","level":"INFO","thread":"EthScheduler-Workers-0","class":"PersistBlockTask","message":"Imported #72 / 0 tx / 0 om / 0 (0.0%) gas / (0x641c7ec5390d650eedc1ef469c97f4e93fec068cb4cb0a9a2d1680a8acc20ebd) in 0.004s. Peers: 7","throwable":""}
